=== host facts ===
host:   ubuntu-16gb-hel1-2
disk:   140G free of 150G

=== preflight: prerequisites ===
  ✓ 14M  /root/jass/jobs/results/0014-fetch-master-games/artefacts.src/master-2000.jnnw
  ✓ 172M  /root/jass/jobs/results/0014-fetch-master-games/artefacts.src/master-1600.jnnw
  ✓ 71M  /root/jass/data/expert_games.db

=== preflight: GitHub auth ===
WARNING: GITHUB_TOKEN env var is not set on this host.

  Skipping upload — the job exits with rc=0 so the downstream
  pipeline (0016 train) is not blocked. The master-games artefacts
  remain on the server only; if CCX23 dies, they are regenerable
  via 0014 re-run (cost: ~6-14h re-fetch + ~1-3h re-convert).

  To enable uploads on a future run:

      ssh root@<ccx23-ip>
      # Create a fine-grained PAT at:
      #   https://github.com/settings/personal-access-tokens/new
      #   Repository access: only jfrancoiscollin/jass
      #   Permissions → Repository → Contents: Read and write
      mkdir -p /etc/jass-runner
      cat > /etc/jass-runner/secrets.env <<'EOF'
      GITHUB_TOKEN=ghp_xxxxxxxxxxxxxxxxxxxxxxxx
      EOF
      chmod 0600 /etc/jass-runner/secrets.env

      # Add EnvironmentFile=/etc/jass-runner/secrets.env to
      # /etc/systemd/system/jass-runner.service [Service] section,
      # then:
      systemctl daemon-reload
      systemctl restart jass-runner.timer

  Then re-queue this job:  rm -r jobs/results/0015-…  (+ commit + push)
