=== host facts ===
host:   ubuntu-16gb-hel1-2
nproc:  4
awk: cmd. line:1: NR==2{print $4\" free of \"$2}
awk: cmd. line:1:               ^ backslash not last character on line
disk:   
python: Python 3.12.3

=== rebuilding jass (no-op if src/ unchanged) ===
[ 53%] Built target jass_lib
[ 59%] Built target jass
[100%] Built target jass_tests
jass:   Jass 0.0.1

=== ensuring python deps (requests, numpy) ===
requests 2.31.0

=== fresh DB will be created at /root/jass/data/expert_games.db ===

=== Phase 1: fetch Lidraughts games (target 100000 at rating 1600-2300) ===
17:36:34 INFO fetch_lidraughts | opened /root/jass/data/expert_games.db — already holds 0 lidraughts games
17:36:34 INFO fetch_lidraughts | discovering players in [1600, 2300] …
17:36:34 WARNING fetch_lidraughts | leaderboard failed (https://lidraughts.org/api/player/top/200/standard): 404 Client Error: Not Found for url: https://lidraughts.org/api/player/top/200/standard
17:36:34 WARNING fetch_lidraughts | leaderboard failed (https://lidraughts.org/api/player/top/200/standard): 404 Client Error: Not Found for url: https://lidraughts.org/api/player/top/200/standard
17:36:34 WARNING fetch_lidraughts | leaderboard failed (https://lidraughts.org/api/player/top/200): 404 Client Error: Not Found for url: https://lidraughts.org/api/player/top/200
17:36:34 WARNING fetch_lidraughts | leaderboard failed (https://lidraughts.org/api/player): 404 Client Error: Not Found for url: https://lidraughts.org/api/player
17:36:37 INFO fetch_lidraughts | team 'draughts': 4 players
17:36:50 INFO fetch_lidraughts | tournaments: 252 unique players
17:36:50 INFO fetch_lidraughts | discover_players: 228 candidates in [1600,2300] (total seen 294)
17:36:50 INFO fetch_lidraughts | skipping 0 already-drained users from previous runs
17:37:13 INFO fetch_lidraughts | 'sambousn' (rating 1700): 3202 PDN games -> 0 kept, 0 new inserts. DB total = 0/100000.
17:37:36 INFO fetch_lidraughts | 'Digeorgio' (rating 1711): 3201 PDN games -> 0 kept, 0 new inserts. DB total = 0/100000.
17:38:00 INFO fetch_lidraughts | 'jan-damista' (rating 1612): 3254 PDN games -> 0 kept, 0 new inserts. DB total = 0/100000.
17:38:23 INFO fetch_lidraughts | 'Gnangole' (rating 1626): 3201 PDN games -> 0 kept, 0 new inserts. DB total = 0/100000.
17:38:47 INFO fetch_lidraughts | 'Ferragamo' (rating 1919): 3205 PDN games -> 0 kept, 0 new inserts. DB total = 0/100000.
17:39:10 INFO fetch_lidraughts | 'Mechano' (rating 1720): 3201 PDN games -> 0 kept, 0 new inserts. DB total = 0/100000.
17:39:33 INFO fetch_lidraughts | 'draughtsplayer' (rating 2076): 3401 PDN games -> 0 kept, 0 new inserts. DB total = 0/100000.
17:39:57 INFO fetch_lidraughts | 'bebewane' (rating 1921): 3179 PDN games -> 0 kept, 0 new inserts. DB total = 0/100000.
17:40:20 INFO fetch_lidraughts | 'karamazov' (rating 1839): 3207 PDN games -> 0 kept, 0 new inserts. DB total = 0/100000.
17:40:43 INFO fetch_lidraughts | 'BerendP' (rating 1628): 3200 PDN games -> 0 kept, 0 new inserts. DB total = 0/100000.
17:41:07 INFO fetch_lidraughts | 'bart-janx' (rating 1900): 2970 PDN games -> 0 kept, 0 new inserts. DB total = 0/100000.
17:41:30 INFO fetch_lidraughts | 'PacGad' (rating 1927): 3202 PDN games -> 0 kept, 0 new inserts. DB total = 0/100000.
17:41:53 INFO fetch_lidraughts | 'Solobeton' (rating 1616): 3201 PDN games -> 0 kept, 0 new inserts. DB total = 0/100000.
17:42:17 INFO fetch_lidraughts | 'experience' (rating 1933): 3200 PDN games -> 0 kept, 0 new inserts. DB total = 0/100000.
17:42:40 INFO fetch_lidraughts | 'JAGABAN' (rating 1829): 3197 PDN games -> 0 kept, 0 new inserts. DB total = 0/100000.
17:43:03 INFO fetch_lidraughts | 'manbru' (rating 1973): 3245 PDN games -> 0 kept, 0 new inserts. DB total = 0/100000.
17:43:27 INFO fetch_lidraughts | 'denka2023' (rating 1824): 3200 PDN games -> 0 kept, 0 new inserts. DB total = 0/100000.
17:43:50 INFO fetch_lidraughts | 'Samboy038' (rating 1767): 3203 PDN games -> 0 kept, 0 new inserts. DB total = 0/100000.
17:44:14 INFO fetch_lidraughts | 'Arindo_Akweni' (rating 1822): 3193 PDN games -> 0 kept, 0 new inserts. DB total = 0/100000.
17:44:15 ERROR fetch_lidraughts | fetch 'damwolf' failed: 404 Client Error: Not Found for url: https://lidraughts.org/api/games/user/damwolf?max=200&variant=standard
17:44:15 INFO fetch_lidraughts | 'damwolf': no games returned, skipping
17:44:38 INFO fetch_lidraughts | 'Bikk' (rating 1825): 3184 PDN games -> 0 kept, 0 new inserts. DB total = 0/100000.
17:45:02 INFO fetch_lidraughts | 'AU-22' (rating 1821): 3341 PDN games -> 0 kept, 0 new inserts. DB total = 0/100000.
17:45:25 INFO fetch_lidraughts | 'Stenenman' (rating 1920): 3201 PDN games -> 0 kept, 0 new inserts. DB total = 0/100000.
17:45:30 INFO fetch_lidraughts | 'Bombardier227' (rating 1629): 625 PDN games -> 0 kept, 0 new inserts. DB total = 0/100000.
17:45:54 INFO fetch_lidraughts | 'Lula_luis' (rating 1606): 3400 PDN games -> 0 kept, 0 new inserts. DB total = 0/100000.
17:46:17 INFO fetch_lidraughts | 'Nabucodonosor' (rating 1812): 3205 PDN games -> 0 kept, 0 new inserts. DB total = 0/100000.
17:46:41 INFO fetch_lidraughts | 'ALMIR-CAPIXABA' (rating 1683): 3365 PDN games -> 0 kept, 0 new inserts. DB total = 0/100000.
17:47:05 INFO fetch_lidraughts | 'Djamana' (rating 2060): 3201 PDN games -> 0 kept, 0 new inserts. DB total = 0/100000.
17:47:29 INFO fetch_lidraughts | 'Korolev' (rating 1641): 3400 PDN games -> 0 kept, 0 new inserts. DB total = 0/100000.
17:47:52 INFO fetch_lidraughts | 'Arief' (rating 1960): 3199 PDN games -> 0 kept, 0 new inserts. DB total = 0/100000.
17:47:57 INFO fetch_lidraughts | 'xcobra' (rating 2008): 515 PDN games -> 0 kept, 0 new inserts. DB total = 0/100000.
17:48:21 INFO fetch_lidraughts | 'SONGOKOU' (rating 1723): 3200 PDN games -> 0 kept, 0 new inserts. DB total = 0/100000.
17:48:44 INFO fetch_lidraughts | 'Rusia' (rating 1874): 3203 PDN games -> 0 kept, 0 new inserts. DB total = 0/100000.
17:49:08 INFO fetch_lidraughts | 'prospermk' (rating 1626): 3400 PDN games -> 0 kept, 0 new inserts. DB total = 0/100000.
17:49:31 INFO fetch_lidraughts | 'Goerge' (rating 1745): 3341 PDN games -> 0 kept, 0 new inserts. DB total = 0/100000.
17:49:55 INFO fetch_lidraughts | 'smailliw' (rating 1803): 3391 PDN games -> 0 kept, 0 new inserts. DB total = 0/100000.
17:49:56 ERROR fetch_lidraughts | fetch 'Sharkbite' failed: 404 Client Error: Not Found for url: https://lidraughts.org/api/games/user/Sharkbite?max=200&variant=standard
17:49:56 INFO fetch_lidraughts | 'Sharkbite': no games returned, skipping
17:50:19 INFO fetch_lidraughts | 'dudi88' (rating 1907): 3315 PDN games -> 0 kept, 0 new inserts. DB total = 0/100000.
17:50:42 INFO fetch_lidraughts | 'Predaror' (rating 1891): 3186 PDN games -> 0 kept, 0 new inserts. DB total = 0/100000.
17:50:44 INFO fetch_lidraughts | 'draughts_fan' (rating 2080): 95 PDN games -> 0 kept, 0 new inserts. DB total = 0/100000.
17:51:08 INFO fetch_lidraughts | 'jin' (rating 1756): 3201 PDN games -> 0 kept, 0 new inserts. DB total = 0/100000.
17:51:31 INFO fetch_lidraughts | 'Just4fun' (rating 1818): 3202 PDN games -> 0 kept, 0 new inserts. DB total = 0/100000.
17:51:54 INFO fetch_lidraughts | 'Francoise' (rating 1679): 3190 PDN games -> 0 kept, 0 new inserts. DB total = 0/100000.
17:52:18 INFO fetch_lidraughts | 'Sandy9' (rating 2064): 3206 PDN games -> 0 kept, 0 new inserts. DB total = 0/100000.
17:52:34 INFO fetch_lidraughts | 'Jerepigo' (rating 1907): 2346 PDN games -> 0 kept, 0 new inserts. DB total = 0/100000.
17:52:57 INFO fetch_lidraughts | 'sanogo07' (rating 2163): 3210 PDN games -> 0 kept, 0 new inserts. DB total = 0/100000.
17:53:21 INFO fetch_lidraughts | 'gordinho120' (rating 1623): 3201 PDN games -> 0 kept, 0 new inserts. DB total = 0/100000.
17:53:44 INFO fetch_lidraughts | 'sulayBah' (rating 1665): 3201 PDN games -> 0 kept, 0 new inserts. DB total = 0/100000.
17:54:08 INFO fetch_lidraughts | 'boygrand_yoff2026' (rating 1696): 3110 PDN games -> 0 kept, 0 new inserts. DB total = 0/100000.
17:54:31 INFO fetch_lidraughts | 'mario63' (rating 1683): 3382 PDN games -> 0 kept, 0 new inserts. DB total = 0/100000.
17:54:54 INFO fetch_lidraughts | 'fastgamer' (rating 1814): 3375 PDN games -> 0 kept, 0 new inserts. DB total = 0/100000.
17:55:18 INFO fetch_lidraughts | 'aliwan89' (rating 1714): 3201 PDN games -> 0 kept, 0 new inserts. DB total = 0/100000.
17:55:19 ERROR fetch_lidraughts | fetch 'tonyp' failed: 404 Client Error: Not Found for url: https://lidraughts.org/api/games/user/tonyp?max=200&variant=standard
17:55:19 INFO fetch_lidraughts | 'tonyp': no games returned, skipping
17:55:42 INFO fetch_lidraughts | 'Reza_Ghafoerkhan' (rating 1699): 3205 PDN games -> 0 kept, 0 new inserts. DB total = 0/100000.
17:56:05 INFO fetch_lidraughts | 'RonaldoGondim' (rating 1666): 3401 PDN games -> 0 kept, 0 new inserts. DB total = 0/100000.
17:56:29 INFO fetch_lidraughts | 'Surgalt' (rating 1720): 3177 PDN games -> 0 kept, 0 new inserts. DB total = 0/100000.
17:56:52 INFO fetch_lidraughts | 'emiel' (rating 1877): 3201 PDN games -> 0 kept, 0 new inserts. DB total = 0/100000.
17:57:17 INFO fetch_lidraughts | 'genlis07' (rating 1665): 3202 PDN games -> 0 kept, 0 new inserts. DB total = 0/100000.
17:57:40 INFO fetch_lidraughts | 'isselmou54' (rating 1676): 3200 PDN games -> 0 kept, 0 new inserts. DB total = 0/100000.
17:58:03 INFO fetch_lidraughts | 'superking' (rating 1610): 3201 PDN games -> 0 kept, 0 new inserts. DB total = 0/100000.
17:58:27 INFO fetch_lidraughts | 'Theet' (rating 1694): 3202 PDN games -> 0 kept, 0 new inserts. DB total = 0/100000.
17:58:50 INFO fetch_lidraughts | 'AntidraughtsBJJ' (rating 1722): 3339 PDN games -> 0 kept, 0 new inserts. DB total = 0/100000.
17:58:51 ERROR fetch_lidraughts | fetch 'WimS' failed: 404 Client Error: Not Found for url: https://lidraughts.org/api/games/user/WimS?max=200&variant=standard
17:58:51 INFO fetch_lidraughts | 'WimS': no games returned, skipping
17:59:14 INFO fetch_lidraughts | 'Gerlof' (rating 2025): 3202 PDN games -> 0 kept, 0 new inserts. DB total = 0/100000.
17:59:38 INFO fetch_lidraughts | 'SeguraCuban' (rating 1838): 3205 PDN games -> 0 kept, 0 new inserts. DB total = 0/100000.
18:00:01 INFO fetch_lidraughts | 'JANWVM02' (rating 1896): 3318 PDN games -> 0 kept, 0 new inserts. DB total = 0/100000.
18:00:25 INFO fetch_lidraughts | 'sexta13' (rating 1810): 3400 PDN games -> 0 kept, 0 new inserts. DB total = 0/100000.
18:00:49 INFO fetch_lidraughts | 'CoutinhoG5F6' (rating 1617): 3388 PDN games -> 0 kept, 0 new inserts. DB total = 0/100000.
18:00:49 ERROR fetch_lidraughts | fetch 'ItsHendo' failed: 404 Client Error: Not Found for url: https://lidraughts.org/api/games/user/ItsHendo?max=200&variant=standard
18:00:49 INFO fetch_lidraughts | 'ItsHendo': no games returned, skipping
18:01:13 INFO fetch_lidraughts | 'Rewien' (rating 1751): 3022 PDN games -> 0 kept, 0 new inserts. DB total = 0/100000.
18:01:36 INFO fetch_lidraughts | 'ErnoPros' (rating 2207): 3202 PDN games -> 0 kept, 0 new inserts. DB total = 0/100000.
18:01:37 ERROR fetch_lidraughts | fetch 'MidLevel1' failed: 404 Client Error: Not Found for url: https://lidraughts.org/api/games/user/MidLevel1?max=200&variant=standard
18:01:37 INFO fetch_lidraughts | 'MidLevel1': no games returned, skipping
18:02:00 INFO fetch_lidraughts | 'Boiadeiro' (rating 1603): 3400 PDN games -> 0 kept, 0 new inserts. DB total = 0/100000.
18:02:24 INFO fetch_lidraughts | 'Gleb777' (rating 1942): 3199 PDN games -> 0 kept, 0 new inserts. DB total = 0/100000.
18:02:47 INFO fetch_lidraughts | 'kamano' (rating 1879): 3202 PDN games -> 0 kept, 0 new inserts. DB total = 0/100000.
18:03:11 INFO fetch_lidraughts | 'jobueno' (rating 1659): 3400 PDN games -> 0 kept, 0 new inserts. DB total = 0/100000.
18:03:34 INFO fetch_lidraughts | 'Masuku_littleplus' (rating 1730): 3204 PDN games -> 0 kept, 0 new inserts. DB total = 0/100000.
18:03:58 INFO fetch_lidraughts | 'Strategic17' (rating 1881): 3213 PDN games -> 0 kept, 0 new inserts. DB total = 0/100000.
18:04:21 INFO fetch_lidraughts | 'Meridin1' (rating 1777): 3201 PDN games -> 0 kept, 0 new inserts. DB total = 0/100000.
18:04:22 ERROR fetch_lidraughts | fetch 'Draughts-knight' failed: 404 Client Error: Not Found for url: https://lidraughts.org/api/games/user/Draughts-knight?max=200&variant=standard
18:04:22 INFO fetch_lidraughts | 'Draughts-knight': no games returned, skipping
18:04:45 INFO fetch_lidraughts | 'Legolas' (rating 1764): 3200 PDN games -> 0 kept, 0 new inserts. DB total = 0/100000.
18:05:08 INFO fetch_lidraughts | 'dinxy' (rating 1796): 3215 PDN games -> 0 kept, 0 new inserts. DB total = 0/100000.
18:05:32 INFO fetch_lidraughts | 'staluitmester' (rating 1849): 3232 PDN games -> 0 kept, 0 new inserts. DB total = 0/100000.
18:05:55 INFO fetch_lidraughts | 'Xtragaprojeto' (rating 1627): 3380 PDN games -> 0 kept, 0 new inserts. DB total = 0/100000.
18:06:19 INFO fetch_lidraughts | 'Lasolpresa' (rating 1723): 3201 PDN games -> 0 kept, 0 new inserts. DB total = 0/100000.
18:06:42 INFO fetch_lidraughts | 'furacao' (rating 1782): 3400 PDN games -> 0 kept, 0 new inserts. DB total = 0/100000.
18:07:05 INFO fetch_lidraughts | 'Documental' (rating 1608): 3203 PDN games -> 0 kept, 0 new inserts. DB total = 0/100000.
18:07:06 ERROR fetch_lidraughts | fetch 'ClubPlayer' failed: 404 Client Error: Not Found for url: https://lidraughts.org/api/games/user/ClubPlayer?max=200&variant=standard
18:07:06 INFO fetch_lidraughts | 'ClubPlayer': no games returned, skipping
18:07:30 INFO fetch_lidraughts | 'distov' (rating 1859): 3202 PDN games -> 0 kept, 0 new inserts. DB total = 0/100000.
18:07:30 ERROR fetch_lidraughts | fetch 'macaca' failed: 404 Client Error: Not Found for url: https://lidraughts.org/api/games/user/macaca?max=200&variant=standard
18:07:30 INFO fetch_lidraughts | 'macaca': no games returned, skipping
18:07:54 INFO fetch_lidraughts | 'HakunaMatata' (rating 1710): 3202 PDN games -> 0 kept, 0 new inserts. DB total = 0/100000.
18:08:17 INFO fetch_lidraughts | 'Rocking1234' (rating 1644): 3326 PDN games -> 0 kept, 0 new inserts. DB total = 0/100000.
18:08:41 INFO fetch_lidraughts | 'patinhoaprendiz' (rating 1794): 3400 PDN games -> 0 kept, 0 new inserts. DB total = 0/100000.
18:08:41 ERROR fetch_lidraughts | fetch 'chessspider' failed: 404 Client Error: Not Found for url: https://lidraughts.org/api/games/user/chessspider?max=200&variant=standard
18:08:41 INFO fetch_lidraughts | 'chessspider': no games returned, skipping
18:09:05 INFO fetch_lidraughts | 'maissa74' (rating 1738): 3192 PDN games -> 0 kept, 0 new inserts. DB total = 0/100000.
18:09:28 INFO fetch_lidraughts | 'zafacon' (rating 1751): 3200 PDN games -> 0 kept, 0 new inserts. DB total = 0/100000.
18:09:52 INFO fetch_lidraughts | 'Mr_MarcioFederado' (rating 1691): 3199 PDN games -> 0 kept, 0 new inserts. DB total = 0/100000.
18:10:15 INFO fetch_lidraughts | 'A3112FT' (rating 1780): 3217 PDN games -> 0 kept, 0 new inserts. DB total = 0/100000.
18:10:16 ERROR fetch_lidraughts | fetch 'Adri10' failed: 404 Client Error: Not Found for url: https://lidraughts.org/api/games/user/Adri10?max=200&variant=standard
18:10:16 INFO fetch_lidraughts | 'Adri10': no games returned, skipping
18:10:39 INFO fetch_lidraughts | 'MET-BLAISE' (rating 1969): 3235 PDN games -> 0 kept, 0 new inserts. DB total = 0/100000.
18:11:03 INFO fetch_lidraughts | 'Nissan' (rating 1827): 3292 PDN games -> 0 kept, 0 new inserts. DB total = 0/100000.
18:11:03 ERROR fetch_lidraughts | fetch 'damgenot' failed: 404 Client Error: Not Found for url: https://lidraughts.org/api/games/user/damgenot?max=200&variant=standard
18:11:03 INFO fetch_lidraughts | 'damgenot': no games returned, skipping
18:11:27 INFO fetch_lidraughts | 'Midwest' (rating 1823): 3203 PDN games -> 0 kept, 0 new inserts. DB total = 0/100000.
18:11:27 ERROR fetch_lidraughts | fetch 'NicolaasV' failed: 404 Client Error: Not Found for url: https://lidraughts.org/api/games/user/NicolaasV?max=200&variant=standard
18:11:27 INFO fetch_lidraughts | 'NicolaasV': no games returned, skipping
18:11:28 ERROR fetch_lidraughts | fetch 'Zaka' failed: 404 Client Error: Not Found for url: https://lidraughts.org/api/games/user/Zaka?max=200&variant=standard
18:11:28 INFO fetch_lidraughts | 'Zaka': no games returned, skipping
18:11:52 INFO fetch_lidraughts | 'PoPeT' (rating 1765): 3201 PDN games -> 0 kept, 0 new inserts. DB total = 0/100000.
18:12:15 INFO fetch_lidraughts | 'Matheo' (rating 2254): 3229 PDN games -> 0 kept, 0 new inserts. DB total = 0/100000.
18:12:38 INFO fetch_lidraughts | 'Lespaulus' (rating 1831): 3202 PDN games -> 0 kept, 0 new inserts. DB total = 0/100000.
18:13:02 INFO fetch_lidraughts | 'Diku-oliveira' (rating 2039): 3198 PDN games -> 0 kept, 0 new inserts. DB total = 0/100000.
18:13:25 INFO fetch_lidraughts | 'louferyno' (rating 1896): 3205 PDN games -> 0 kept, 0 new inserts. DB total = 0/100000.
18:13:48 INFO fetch_lidraughts | 'McInToX' (rating 1751): 3202 PDN games -> 0 kept, 0 new inserts. DB total = 0/100000.
18:14:12 INFO fetch_lidraughts | 'eldragon' (rating 1692): 3200 PDN games -> 0 kept, 0 new inserts. DB total = 0/100000.
18:14:35 INFO fetch_lidraughts | 'Crouch' (rating 1623): 3201 PDN games -> 0 kept, 0 new inserts. DB total = 0/100000.
18:14:58 INFO fetch_lidraughts | 'Kassogue74' (rating 1836): 3197 PDN games -> 0 kept, 0 new inserts. DB total = 0/100000.
18:15:22 INFO fetch_lidraughts | 'siakamc' (rating 1907): 3194 PDN games -> 0 kept, 0 new inserts. DB total = 0/100000.
18:15:23 ERROR fetch_lidraughts | fetch 'DamTrainer' failed: 404 Client Error: Not Found for url: https://lidraughts.org/api/games/user/DamTrainer?max=200&variant=standard
18:15:23 INFO fetch_lidraughts | 'DamTrainer': no games returned, skipping
18:15:46 INFO fetch_lidraughts | 'Isma' (rating 1851): 3202 PDN games -> 0 kept, 0 new inserts. DB total = 0/100000.
18:16:10 INFO fetch_lidraughts | 'Excellent' (rating 1906): 3200 PDN games -> 0 kept, 0 new inserts. DB total = 0/100000.
18:16:12 INFO fetch_lidraughts | _ndjson_to_pdn: built 0 games
18:16:12 INFO fetch_lidraughts | 'pietje': no games returned, skipping
18:16:36 INFO fetch_lidraughts | 'ReflexPlayer' (rating 2032): 3201 PDN games -> 0 kept, 0 new inserts. DB total = 0/100000.
18:16:59 INFO fetch_lidraughts | 'zouko' (rating 1873): 3200 PDN games -> 0 kept, 0 new inserts. DB total = 0/100000.
18:17:23 INFO fetch_lidraughts | 'Capi' (rating 1726): 3202 PDN games -> 0 kept, 0 new inserts. DB total = 0/100000.
18:17:46 INFO fetch_lidraughts | 'johan_bonao' (rating 1848): 3204 PDN games -> 0 kept, 0 new inserts. DB total = 0/100000.
18:18:09 INFO fetch_lidraughts | 'assasseine' (rating 1780): 3201 PDN games -> 0 kept, 0 new inserts. DB total = 0/100000.
18:18:33 INFO fetch_lidraughts | 'Memelo' (rating 2035): 3204 PDN games -> 0 kept, 0 new inserts. DB total = 0/100000.
18:18:56 INFO fetch_lidraughts | 'ariestorm' (rating 1849): 3203 PDN games -> 0 kept, 0 new inserts. DB total = 0/100000.
18:19:20 INFO fetch_lidraughts | 'mikichi-mamero' (rating 1888): 3201 PDN games -> 0 kept, 0 new inserts. DB total = 0/100000.
18:19:43 INFO fetch_lidraughts | 'PAPADAMIER' (rating 1922): 3203 PDN games -> 0 kept, 0 new inserts. DB total = 0/100000.
18:20:06 INFO fetch_lidraughts | 'Nzita-Vangu' (rating 1651): 3200 PDN games -> 0 kept, 0 new inserts. DB total = 0/100000.
18:20:30 INFO fetch_lidraughts | 'Tonya' (rating 1743): 3202 PDN games -> 0 kept, 0 new inserts. DB total = 0/100000.
18:20:53 INFO fetch_lidraughts | 'meymoun4606' (rating 1834): 3192 PDN games -> 0 kept, 0 new inserts. DB total = 0/100000.
18:21:16 INFO fetch_lidraughts | 'SicMundusCreatusEst' (rating 1861): 3220 PDN games -> 0 kept, 0 new inserts. DB total = 0/100000.
18:21:17 ERROR fetch_lidraughts | fetch 'Casual1' failed: 404 Client Error: Not Found for url: https://lidraughts.org/api/games/user/Casual1?max=200&variant=standard
18:21:17 INFO fetch_lidraughts | 'Casual1': no games returned, skipping
18:21:41 INFO fetch_lidraughts | 'fretaso' (rating 1757): 3203 PDN games -> 0 kept, 0 new inserts. DB total = 0/100000.
18:21:41 ERROR fetch_lidraughts | fetch 'tigran64' failed: 404 Client Error: Not Found for url: https://lidraughts.org/api/games/user/tigran64?max=200&variant=standard
18:21:41 INFO fetch_lidraughts | 'tigran64': no games returned, skipping
18:22:05 INFO fetch_lidraughts | 'CarlosAlcaraz' (rating 1706): 3201 PDN games -> 0 kept, 0 new inserts. DB total = 0/100000.
18:22:28 INFO fetch_lidraughts | 'aboki' (rating 1764): 3202 PDN games -> 0 kept, 0 new inserts. DB total = 0/100000.
18:22:39 INFO fetch_lidraughts | 'ols83' (rating 2001): 1342 PDN games -> 0 kept, 0 new inserts. DB total = 0/100000.
18:22:39 ERROR fetch_lidraughts | fetch 'damlover' failed: 404 Client Error: Not Found for url: https://lidraughts.org/api/games/user/damlover?max=200&variant=standard
18:22:39 INFO fetch_lidraughts | 'damlover': no games returned, skipping
18:23:03 INFO fetch_lidraughts | 'fandammen' (rating 1928): 3205 PDN games -> 0 kept, 0 new inserts. DB total = 0/100000.
18:23:26 INFO fetch_lidraughts | 'malkolas' (rating 1791): 3202 PDN games -> 0 kept, 0 new inserts. DB total = 0/100000.
18:23:50 INFO fetch_lidraughts | 'legendloser' (rating 1700): 3251 PDN games -> 0 kept, 0 new inserts. DB total = 0/100000.
18:24:13 INFO fetch_lidraughts | 'arquivo-x' (rating 1663): 3400 PDN games -> 0 kept, 0 new inserts. DB total = 0/100000.
18:24:37 INFO fetch_lidraughts | 'Michiel' (rating 2045): 3340 PDN games -> 0 kept, 0 new inserts. DB total = 0/100000.
18:25:00 INFO fetch_lidraughts | 'navano1' (rating 1914): 3203 PDN games -> 0 kept, 0 new inserts. DB total = 0/100000.
18:25:24 INFO fetch_lidraughts | 'FcGokora' (rating 1630): 3400 PDN games -> 0 kept, 0 new inserts. DB total = 0/100000.
18:25:47 INFO fetch_lidraughts | 'delali01' (rating 1637): 3207 PDN games -> 0 kept, 0 new inserts. DB total = 0/100000.
18:26:11 INFO fetch_lidraughts | 'caporalchef' (rating 1768): 3202 PDN games -> 0 kept, 0 new inserts. DB total = 0/100000.
18:26:34 INFO fetch_lidraughts | 'joelvitch1' (rating 2090): 3201 PDN games -> 0 kept, 0 new inserts. DB total = 0/100000.
18:26:57 INFO fetch_lidraughts | 'proseduma' (rating 1970): 3190 PDN games -> 0 kept, 0 new inserts. DB total = 0/100000.
18:27:21 INFO fetch_lidraughts | 'dec3' (rating 2001): 3200 PDN games -> 0 kept, 0 new inserts. DB total = 0/100000.
18:27:44 INFO fetch_lidraughts | 'jad06' (rating 1801): 3204 PDN games -> 0 kept, 0 new inserts. DB total = 0/100000.
18:28:08 INFO fetch_lidraughts | 'realiano' (rating 1798): 3191 PDN games -> 0 kept, 0 new inserts. DB total = 0/100000.
18:28:31 INFO fetch_lidraughts | 'Fawaka' (rating 1923): 3160 PDN games -> 0 kept, 0 new inserts. DB total = 0/100000.
18:28:32 ERROR fetch_lidraughts | fetch 'damspeler2' failed: 404 Client Error: Not Found for url: https://lidraughts.org/api/games/user/damspeler2?max=200&variant=standard
18:28:32 INFO fetch_lidraughts | 'damspeler2': no games returned, skipping
18:28:55 INFO fetch_lidraughts | 'Laurintz' (rating 1613): 3242 PDN games -> 0 kept, 0 new inserts. DB total = 0/100000.
18:29:18 INFO fetch_lidraughts | 'zimFinest' (rating 1768): 3400 PDN games -> 0 kept, 0 new inserts. DB total = 0/100000.
18:29:42 INFO fetch_lidraughts | 'Yaba33' (rating 1762): 3188 PDN games -> 0 kept, 0 new inserts. DB total = 0/100000.
18:29:42 ERROR fetch_lidraughts | fetch 'Roel_Boomstra' failed: 404 Client Error: Not Found for url: https://lidraughts.org/api/games/user/Roel_Boomstra?max=200&variant=standard
18:29:42 INFO fetch_lidraughts | 'Roel_Boomstra': no games returned, skipping
18:30:06 INFO fetch_lidraughts | 'Teranga1' (rating 1710): 3200 PDN games -> 0 kept, 0 new inserts. DB total = 0/100000.
18:30:29 INFO fetch_lidraughts | 'Moppy' (rating 1788): 3200 PDN games -> 0 kept, 0 new inserts. DB total = 0/100000.
18:30:52 INFO fetch_lidraughts | 'Doku11' (rating 1834): 3400 PDN games -> 0 kept, 0 new inserts. DB total = 0/100000.
18:30:56 INFO fetch_lidraughts | 'BramB' (rating 1940): 412 PDN games -> 0 kept, 0 new inserts. DB total = 0/100000.
18:31:20 INFO fetch_lidraughts | 'Joze' (rating 1768): 3400 PDN games -> 0 kept, 0 new inserts. DB total = 0/100000.
18:31:44 INFO fetch_lidraughts | 'paullistapa' (rating 1647): 3400 PDN games -> 0 kept, 0 new inserts. DB total = 0/100000.
18:32:08 INFO fetch_lidraughts | 'djonirep' (rating 2118): 3182 PDN games -> 0 kept, 0 new inserts. DB total = 0/100000.
18:32:31 INFO fetch_lidraughts | 'gilvanbahia01' (rating 1713): 3400 PDN games -> 0 kept, 0 new inserts. DB total = 0/100000.
18:32:55 INFO fetch_lidraughts | 'ikke' (rating 1870): 3201 PDN games -> 0 kept, 0 new inserts. DB total = 0/100000.
18:33:18 INFO fetch_lidraughts | 'menejokm12RD' (rating 1725): 3207 PDN games -> 0 kept, 0 new inserts. DB total = 0/100000.
18:33:42 INFO fetch_lidraughts | 'ASgaucher' (rating 1797): 3198 PDN games -> 0 kept, 0 new inserts. DB total = 0/100000.
18:34:05 INFO fetch_lidraughts | 'Geurt' (rating 1699): 3205 PDN games -> 0 kept, 0 new inserts. DB total = 0/100000.
18:34:28 INFO fetch_lidraughts | 'boldoo68' (rating 1616): 3202 PDN games -> 0 kept, 0 new inserts. DB total = 0/100000.
18:34:52 INFO fetch_lidraughts | 'welsberg' (rating 1921): 3230 PDN games -> 0 kept, 0 new inserts. DB total = 0/100000.
18:35:15 INFO fetch_lidraughts | 'Gabu' (rating 1848): 3400 PDN games -> 0 kept, 0 new inserts. DB total = 0/100000.
18:35:39 INFO fetch_lidraughts | 'kilate24' (rating 1667): 3201 PDN games -> 0 kept, 0 new inserts. DB total = 0/100000.
18:36:02 INFO fetch_lidraughts | 'Baddest1' (rating 1874): 3206 PDN games -> 0 kept, 0 new inserts. DB total = 0/100000.
18:36:26 INFO fetch_lidraughts | 'szutnik2' (rating 1738): 3197 PDN games -> 0 kept, 0 new inserts. DB total = 0/100000.
18:36:49 INFO fetch_lidraughts | 'Samaz07' (rating 1691): 3400 PDN games -> 0 kept, 0 new inserts. DB total = 0/100000.
18:37:13 INFO fetch_lidraughts | 'geremiascaxias' (rating 1679): 3229 PDN games -> 0 kept, 0 new inserts. DB total = 0/100000.
18:37:36 INFO fetch_lidraughts | 'Phantom4A' (rating 1801): 3202 PDN games -> 0 kept, 0 new inserts. DB total = 0/100000.
18:37:48 INFO fetch_lidraughts | 'Yahoo' (rating 1799): 1443 PDN games -> 0 kept, 0 new inserts. DB total = 0/100000.
18:38:12 INFO fetch_lidraughts | 'zico02' (rating 1938): 3158 PDN games -> 0 kept, 0 new inserts. DB total = 0/100000.
18:38:13 ERROR fetch_lidraughts | fetch 'LaCulpada' failed: 404 Client Error: Not Found for url: https://lidraughts.org/api/games/user/LaCulpada?max=200&variant=standard
18:38:13 INFO fetch_lidraughts | 'LaCulpada': no games returned, skipping
18:38:36 INFO fetch_lidraughts | 'Nelsoshowshow' (rating 1702): 3398 PDN games -> 0 kept, 0 new inserts. DB total = 0/100000.
18:39:00 INFO fetch_lidraughts | 'Hdoum' (rating 1828): 3200 PDN games -> 0 kept, 0 new inserts. DB total = 0/100000.
18:39:23 INFO fetch_lidraughts | 'sebaknap' (rating 1619): 3202 PDN games -> 0 kept, 0 new inserts. DB total = 0/100000.
18:39:46 INFO fetch_lidraughts | 'EvertEvers' (rating 1681): 3201 PDN games -> 0 kept, 0 new inserts. DB total = 0/100000.
18:40:10 INFO fetch_lidraughts | 'sapepb13' (rating 1629): 3400 PDN games -> 0 kept, 0 new inserts. DB total = 0/100000.
18:40:34 INFO fetch_lidraughts | 'Labible' (rating 1832): 3202 PDN games -> 0 kept, 0 new inserts. DB total = 0/100000.
18:40:57 INFO fetch_lidraughts | 'Hardlife' (rating 1659): 3400 PDN games -> 0 kept, 0 new inserts. DB total = 0/100000.
18:41:20 INFO fetch_lidraughts | 'Youcef' (rating 1704): 3212 PDN games -> 0 kept, 0 new inserts. DB total = 0/100000.
18:41:44 INFO fetch_lidraughts | 'Ranger9mm' (rating 1649): 3202 PDN games -> 0 kept, 0 new inserts. DB total = 0/100000.
18:42:07 INFO fetch_lidraughts | 'lmw' (rating 1660): 3203 PDN games -> 0 kept, 0 new inserts. DB total = 0/100000.
18:42:30 INFO fetch_lidraughts | 'D4' (rating 1938): 3201 PDN games -> 0 kept, 0 new inserts. DB total = 0/100000.
18:42:54 INFO fetch_lidraughts | 'hopeloos' (rating 1758): 3200 PDN games -> 0 kept, 0 new inserts. DB total = 0/100000.
18:43:17 INFO fetch_lidraughts | 'topcrunch' (rating 1784): 3201 PDN games -> 0 kept, 0 new inserts. DB total = 0/100000.
18:43:41 INFO fetch_lidraughts | 'Nolly312' (rating 1636): 3239 PDN games -> 0 kept, 0 new inserts. DB total = 0/100000.
18:44:04 INFO fetch_lidraughts | 'elwaled' (rating 1704): 3202 PDN games -> 0 kept, 0 new inserts. DB total = 0/100000.
18:44:28 INFO fetch_lidraughts | 'Dahbrahim' (rating 1620): 3186 PDN games -> 0 kept, 0 new inserts. DB total = 0/100000.
18:44:46 INFO fetch_lidraughts | 'SagittariusA' (rating 1958): 2439 PDN games -> 0 kept, 0 new inserts. DB total = 0/100000.
18:45:09 INFO fetch_lidraughts | 'koroson' (rating 1734): 3203 PDN games -> 0 kept, 0 new inserts. DB total = 0/100000.
18:45:32 INFO fetch_lidraughts | 'CAMPARY' (rating 1699): 3394 PDN games -> 0 kept, 0 new inserts. DB total = 0/100000.
18:45:36 INFO fetch_lidraughts | 'Kermis' (rating 1695): 320 PDN games -> 0 kept, 0 new inserts. DB total = 0/100000.
18:45:59 INFO fetch_lidraughts | 'JOSEPHpetersonjpv' (rating 1650): 3204 PDN games -> 0 kept, 0 new inserts. DB total = 0/100000.
18:46:23 INFO fetch_lidraughts | 'enockson' (rating 1641): 3203 PDN games -> 0 kept, 0 new inserts. DB total = 0/100000.
18:46:24 ERROR fetch_lidraughts | fetch 'Raf2000' failed: 404 Client Error: Not Found for url: https://lidraughts.org/api/games/user/Raf2000?max=200&variant=standard
18:46:24 INFO fetch_lidraughts | 'Raf2000': no games returned, skipping
18:46:47 INFO fetch_lidraughts | 't_bwallceb17' (rating 1755): 3199 PDN games -> 0 kept, 0 new inserts. DB total = 0/100000.
18:47:10 INFO fetch_lidraughts | 'Wanemarco' (rating 1958): 3200 PDN games -> 0 kept, 0 new inserts. DB total = 0/100000.
18:47:34 INFO fetch_lidraughts | 'ASBRANQUELAS' (rating 1740): 3400 PDN games -> 0 kept, 0 new inserts. DB total = 0/100000.
18:47:57 INFO fetch_lidraughts | 'purreete' (rating 1641): 3384 PDN games -> 0 kept, 0 new inserts. DB total = 0/100000.
18:48:21 INFO fetch_lidraughts | 'JustPract' (rating 1970): 3199 PDN games -> 0 kept, 0 new inserts. DB total = 0/100000.
18:48:22 ERROR fetch_lidraughts | fetch 'Amateur1' failed: 404 Client Error: Not Found for url: https://lidraughts.org/api/games/user/Amateur1?max=200&variant=standard
18:48:22 INFO fetch_lidraughts | 'Amateur1': no games returned, skipping
18:48:45 INFO fetch_lidraughts | 'player001' (rating 1951): 3203 PDN games -> 0 kept, 0 new inserts. DB total = 0/100000.
18:48:46 ERROR fetch_lidraughts | fetch 'Regular1' failed: 404 Client Error: Not Found for url: https://lidraughts.org/api/games/user/Regular1?max=200&variant=standard
18:48:46 INFO fetch_lidraughts | 'Regular1': no games returned, skipping
18:49:09 INFO fetch_lidraughts | 'osoviejo2' (rating 1669): 3197 PDN games -> 0 kept, 0 new inserts. DB total = 0/100000.
18:49:33 INFO fetch_lidraughts | 'Lion' (rating 1750): 3203 PDN games -> 0 kept, 0 new inserts. DB total = 0/100000.
18:49:56 INFO fetch_lidraughts | 'elementaire' (rating 1656): 3201 PDN games -> 0 kept, 0 new inserts. DB total = 0/100000.
18:50:19 INFO fetch_lidraughts | 'DamSpeler' (rating 2175): 3209 PDN games -> 0 kept, 0 new inserts. DB total = 0/100000.
18:50:42 INFO fetch_lidraughts | 'CharMeur' (rating 1833): 3203 PDN games -> 0 kept, 0 new inserts. DB total = 0/100000.
18:51:06 INFO fetch_lidraughts | 'Al-ways-cool223' (rating 1686): 3201 PDN games -> 0 kept, 0 new inserts. DB total = 0/100000.
18:51:29 INFO fetch_lidraughts | 'schorpioen' (rating 1766): 3203 PDN games -> 0 kept, 0 new inserts. DB total = 0/100000.
18:51:52 INFO fetch_lidraughts | 'Leblanc11' (rating 1978): 3201 PDN games -> 0 kept, 0 new inserts. DB total = 0/100000.
18:52:16 INFO fetch_lidraughts | 'kumar51' (rating 1833): 3399 PDN games -> 0 kept, 0 new inserts. DB total = 0/100000.
18:52:39 INFO fetch_lidraughts | 'KASM' (rating 1701): 3200 PDN games -> 0 kept, 0 new inserts. DB total = 0/100000.
18:53:03 INFO fetch_lidraughts | 'adsonjo' (rating 1724): 3396 PDN games -> 0 kept, 0 new inserts. DB total = 0/100000.
18:53:04 ERROR fetch_lidraughts | fetch 'GOAT64' failed: 404 Client Error: Not Found for url: https://lidraughts.org/api/games/user/GOAT64?max=200&variant=standard
18:53:04 INFO fetch_lidraughts | 'GOAT64': no games returned, skipping
18:53:27 INFO fetch_lidraughts | 'schijf' (rating 2233): 3203 PDN games -> 0 kept, 0 new inserts. DB total = 0/100000.
18:53:51 INFO fetch_lidraughts | 'DeDominee' (rating 1650): 3202 PDN games -> 0 kept, 0 new inserts. DB total = 0/100000.
18:53:51 INFO fetch_lidraughts | done. 0 lidraughts games in DB (added 0 this run).

=== DB state after fetch ===
/root/jass/jobs/queue/0014-fetch-master-games.sh: line 85: sqlite3: command not found
/root/jass/jobs/queue/0014-fetch-master-games.sh: line 86: sqlite3: command not found
/root/jass/jobs/queue/0014-fetch-master-games.sh: line 87: sqlite3: command not found
/root/jass/jobs/queue/0014-fetch-master-games.sh: line 88: sqlite3: command not found
/root/jass/jobs/queue/0014-fetch-master-games.sh: line 89: sqlite3: command not found

=== Phase 2: convert to JNNW (master.jnnw for train_v3 --master-data) ===
18:53:51 INFO | done. 0 games OK, 0 skipped. 0 JNNW records written to /root/jass/jobs/results/0014-fetch-master-games/artefacts.src/master-1600.jnnw (8 bytes).
18:53:51 INFO | done. 0 games OK, 0 skipped. 0 JNNW records written to /root/jass/jobs/results/0014-fetch-master-games/artefacts.src/master-2000.jnnw (8 bytes).

==========================================================
             0014 FETCH-MASTER-GAMES SUMMARY
==========================================================
  DB path:        /root/jass/data/expert_games.db
ls: cannot access '"/root/jass/data/expert_games.db"': No such file or directory
  DB size:        
  fetch wall:     4637s (1.3h)
  convert wall:   0s
  master-1600:    MISSING
  master-2000:    MISSING
  fetch rc:       0
  convert rc:     0 / 0
==========================================================
