opening pool: 9 positions
  game   1: Jass=W Scan=B → L (no legal move from Jass-player, 105 plies)  Jass +0.0  [77s]
  game   2: Scan=W Jass=B → W (no legal move from Jass-player, 100 plies)  Jass +0.0  [149s]
  game   3: Jass=W Scan=B → L (no legal move from Jass-player, 95 plies)  Jass +0.0  [216s]
  game   4: Scan=W Jass=B → W (no legal move from Jass-player, 116 plies)  Jass +0.0  [300s]
  game   5: Jass=W Scan=B → L (no legal move from Jass-player, 123 plies)  Jass +0.0  [391s]
  game   6: Scan=W Jass=B → W (no legal move from Jass-player, 140 plies)  Jass +0.0  [505s]
  game   7: Jass=W Scan=B → L (no legal move from Jass-player, 123 plies)  Jass +0.0  [598s]
  game   8: Scan=W Jass=B → W (no legal move from Jass-player, 122 plies)  Jass +0.0  [686s]
  game   9: Jass=W Scan=B → L (no legal move from Jass-player, 149 plies)  Jass +0.0  [806s]
  game  10: Scan=W Jass=B → W (no legal move from Jass-player, 114 plies)  Jass +0.0  [888s]
  game  11: Jass=W Scan=B → L (no legal move from Jass-player, 143 plies)  Jass +0.0  [1001s]
  game  12: Scan=W Jass=B → W (no legal move from Jass-player, 98 plies)  Jass +0.0  [1073s]
  game  13: Jass=W Scan=B → L (no legal move from Jass-player, 131 plies)  Jass +0.0  [1173s]
  game  14: Scan=W Jass=B → W (no legal move from Jass-player, 126 plies)  Jass +0.0  [1267s]
  game  15: Jass=W Scan=B → D (25-move rule, 136 plies)  Jass +0.5  [1377s]
  game  16: Scan=W Jass=B → W (no legal move from Jass-player, 126 plies)  Jass +0.0  [1468s]
  game  17: Jass=W Scan=B → L (no legal move from Jass-player, 103 plies)  Jass +0.0  [1546s]
  game  18: Scan=W Jass=B → W (no legal move from Jass-player, 106 plies)  Jass +0.0  [1621s]
  game  19: Jass=W Scan=B → L (no legal move from Jass-player, 95 plies)  Jass +0.0  [1690s]
  game  20: Scan=W Jass=B → W (no legal move from Jass-player, 138 plies)  Jass +0.0  [1792s]
  game  21: Jass=W Scan=B → L (no legal move from Jass-player, 117 plies)  Jass +0.0  [1878s]
  game  22: Scan=W Jass=B → W (no legal move from Jass-player, 110 plies)  Jass +0.0  [1957s]
  game  23: Jass=W Scan=B → L (no legal move from Jass-player, 119 plies)  Jass +0.0  [2051s]
  game  24: Scan=W Jass=B → W (no legal move from Jass-player, 114 plies)  Jass +0.0  [2135s]
  game  25: Jass=W Scan=B → L (no legal move from Jass-player, 111 plies)  Jass +0.0  [2213s]
  game  26: Scan=W Jass=B → W (no legal move from Jass-player, 98 plies)  Jass +0.0  [2290s]
  game  27: Jass=W Scan=B → L (no legal move from Jass-player, 111 plies)  Jass +0.0  [2369s]
  game  28: Scan=W Jass=B → W (no legal move from Jass-player, 158 plies)  Jass +0.0  [2491s]
  game  29: Jass=W Scan=B → L (no legal move from Jass-player, 125 plies)  Jass +0.0  [2583s]
  game  30: Scan=W Jass=B → W (no legal move from Jass-player, 136 plies)  Jass +0.0  [2682s]
  game  31: Jass=W Scan=B → L (no legal move from Jass-player, 113 plies)  Jass +0.0  [2765s]
  game  32: Scan=W Jass=B → W (no legal move from Jass-player, 118 plies)  Jass +0.0  [2851s]
  game  33: Jass=W Scan=B → L (no legal move from Jass-player, 103 plies)  Jass +0.0  [2922s]
  game  34: Scan=W Jass=B → W (no legal move from Jass-player, 98 plies)  Jass +0.0  [2991s]
  game  35: Jass=W Scan=B → L (no legal move from Jass-player, 101 plies)  Jass +0.0  [3064s]
  game  36: Scan=W Jass=B → W (no legal move from Jass-player, 108 plies)  Jass +0.0  [3143s]
  game  37: Jass=W Scan=B → D (25-move rule, 142 plies)  Jass +0.5  [3257s]
  game  38: Scan=W Jass=B → W (no legal move from Jass-player, 120 plies)  Jass +0.0  [3341s]
  game  39: Jass=W Scan=B → L (no legal move from Jass-player, 127 plies)  Jass +0.0  [3435s]
  game  40: Scan=W Jass=B → W (no legal move from Jass-player, 114 plies)  Jass +0.0  [3524s]
  game  41: Jass=W Scan=B → L (no legal move from Jass-player, 121 plies)  Jass +0.0  [3617s]
  game  42: Scan=W Jass=B → W (no legal move from Jass-player, 124 plies)  Jass +0.0  [3706s]
  game  43: Jass=W Scan=B → L (no legal move from Jass-player, 115 plies)  Jass +0.0  [3787s]
  game  44: Scan=W Jass=B → W (no legal move from Jass-player, 112 plies)  Jass +0.0  [3870s]
  game  45: Jass=W Scan=B → L (no legal move from Jass-player, 127 plies)  Jass +0.0  [3961s]
  game  46: Scan=W Jass=B → W (no legal move from Jass-player, 98 plies)  Jass +0.0  [4031s]
  game  47: Jass=W Scan=B → L (no legal move from Jass-player, 111 plies)  Jass +0.0  [4107s]
  game  48: Scan=W Jass=B → D (25-move rule, 166 plies)  Jass +0.5  [4236s]
  game  49: Jass=W Scan=B → L (no legal move from Jass-player, 109 plies)  Jass +0.0  [4315s]
  game  50: Scan=W Jass=B → W (no legal move from Jass-player, 104 plies)  Jass +0.0  [4391s]
  game  51: Jass=W Scan=B → L (no legal move from Jass-player, 129 plies)  Jass +0.0  [4487s]
  game  52: Scan=W Jass=B → W (no legal move from Jass-player, 108 plies)  Jass +0.0  [4565s]
  game  53: Jass=W Scan=B → L (no legal move from Jass-player, 161 plies)  Jass +0.0  [4686s]
  game  54: Scan=W Jass=B → W (no legal move from Jass-player, 104 plies)  Jass +0.0  [4758s]

=== Jass vs Scan, movetime 1.0s, 54 games ===
  Jass=0  Scan=51  Draws=3
  Jass score rate: 0.028 (1.5 / 54)
  ELO estimate:    -618 (95% CI ≈ ±109)
