opening pool: 9 positions
jass setup:   nnue=/root/jass/jobs/results/0018-train-with-master-bce/artefacts.src/nnue-256-128-q.bin  book=/root/jass/jobs/results/0022-build-master-book-and-calibrate/artefacts.src/master-book.bok
scan setup:   book=on  bb-size=0
  game   1: Jass=W Scan=B → L (no legal move from Jass-player, 109 plies)  Jass +0.0  [75s]
  game   2: Scan=W Jass=B → W (no legal move from Jass-player, 112 plies)  Jass +0.0  [146s]
  game   3: Jass=W Scan=B → L (no legal move from Jass-player, 153 plies)  Jass +0.0  [260s]
  game   4: Scan=W Jass=B → W (no legal move from Jass-player, 106 plies)  Jass +0.0  [335s]
  game   5: Jass=W Scan=B → L (no legal move from Jass-player, 127 plies)  Jass +0.0  [425s]
  game   6: Scan=W Jass=B → W (no legal move from Jass-player, 168 plies)  Jass +0.0  [551s]
  game   7: Jass=W Scan=B → L (no legal move from Jass-player, 111 plies)  Jass +0.0  [624s]
  game   8: Scan=W Jass=B → W (no legal move from Jass-player, 98 plies)  Jass +0.0  [686s]
  game   9: Jass=W Scan=B → L (no legal move from Jass-player, 109 plies)  Jass +0.0  [763s]
  game  10: Scan=W Jass=B → W (no legal move from Jass-player, 130 plies)  Jass +0.0  [854s]
  game  11: Jass=W Scan=B → L (no legal move from Jass-player, 123 plies)  Jass +0.0  [939s]
  game  12: Scan=W Jass=B → W (no legal move from Jass-player, 124 plies)  Jass +0.0  [1019s]
  game  13: Jass=W Scan=B → L (no legal move from Jass-player, 109 plies)  Jass +0.0  [1094s]
  game  14: Scan=W Jass=B → W (no legal move from Jass-player, 118 plies)  Jass +0.0  [1174s]
  game  15: Jass=W Scan=B → L (no legal move from Jass-player, 125 plies)  Jass +0.0  [1264s]
  game  16: Scan=W Jass=B → W (no legal move from Jass-player, 156 plies)  Jass +0.0  [1380s]
  game  17: Jass=W Scan=B → L (no legal move from Jass-player, 125 plies)  Jass +0.0  [1469s]
  game  18: Scan=W Jass=B → W (no legal move from Jass-player, 104 plies)  Jass +0.0  [1540s]
  game  19: Jass=W Scan=B → L (no legal move from Jass-player, 133 plies)  Jass +0.0  [1633s]
  game  20: Scan=W Jass=B → W (no legal move from Jass-player, 136 plies)  Jass +0.0  [1731s]
  game  21: Jass=W Scan=B → L (no legal move from Jass-player, 111 plies)  Jass +0.0  [1797s]
  game  22: Scan=W Jass=B → W (no legal move from Jass-player, 144 plies)  Jass +0.0  [1904s]
  game  23: Jass=W Scan=B → L (no legal move from Jass-player, 163 plies)  Jass +0.0  [2024s]
  game  24: Scan=W Jass=B → W (no legal move from Jass-player, 106 plies)  Jass +0.0  [2097s]
  game  25: Jass=W Scan=B → L (no legal move from Jass-player, 135 plies)  Jass +0.0  [2194s]
  game  26: Scan=W Jass=B → W (no legal move from Jass-player, 116 plies)  Jass +0.0  [2268s]
  game  27: Jass=W Scan=B → L (no legal move from Jass-player, 115 plies)  Jass +0.0  [2340s]
  game  28: Scan=W Jass=B → W (no legal move from Jass-player, 164 plies)  Jass +0.0  [2463s]
  game  29: Jass=W Scan=B → L (no legal move from Jass-player, 125 plies)  Jass +0.0  [2551s]
  game  30: Scan=W Jass=B → W (no legal move from Jass-player, 98 plies)  Jass +0.0  [2615s]
  game  31: Jass=W Scan=B → L (no legal move from Jass-player, 119 plies)  Jass +0.0  [2688s]
  game  32: Scan=W Jass=B → W (no legal move from Jass-player, 124 plies)  Jass +0.0  [2771s]
  game  33: Jass=W Scan=B → L (no legal move from Jass-player, 147 plies)  Jass +0.0  [2880s]
  game  34: Scan=W Jass=B → W (no legal move from Jass-player, 110 plies)  Jass +0.0  [2955s]
  game  35: Jass=W Scan=B → L (no legal move from Jass-player, 153 plies)  Jass +0.0  [3059s]
  game  36: Scan=W Jass=B → W (no legal move from Jass-player, 116 plies)  Jass +0.0  [3137s]
  game  37: Jass=W Scan=B → L (no legal move from Jass-player, 119 plies)  Jass +0.0  [3221s]
  game  38: Scan=W Jass=B → W (no legal move from Jass-player, 124 plies)  Jass +0.0  [3310s]
  game  39: Jass=W Scan=B → L (no legal move from Jass-player, 115 plies)  Jass +0.0  [3387s]
  game  40: Scan=W Jass=B → W (no legal move from Jass-player, 118 plies)  Jass +0.0  [3474s]
  game  41: Jass=W Scan=B → L (no legal move from Jass-player, 113 plies)  Jass +0.0  [3552s]
  game  42: Scan=W Jass=B → W (no legal move from Jass-player, 150 plies)  Jass +0.0  [3664s]
  game  43: Jass=W Scan=B → L (no legal move from Jass-player, 97 plies)  Jass +0.0  [3723s]
  game  44: Scan=W Jass=B → W (no legal move from Jass-player, 98 plies)  Jass +0.0  [3787s]
  game  45: Jass=W Scan=B → L (no legal move from Jass-player, 103 plies)  Jass +0.0  [3853s]
  game  46: Scan=W Jass=B → W (no legal move from Jass-player, 120 plies)  Jass +0.0  [3934s]
  game  47: Jass=W Scan=B → L (no legal move from Jass-player, 99 plies)  Jass +0.0  [3999s]
  game  48: Scan=W Jass=B → W (no legal move from Jass-player, 116 plies)  Jass +0.0  [4079s]
  game  49: Jass=W Scan=B → L (no legal move from Jass-player, 85 plies)  Jass +0.0  [4136s]
  game  50: Scan=W Jass=B → W (no legal move from Jass-player, 132 plies)  Jass +0.0  [4219s]
  game  51: Jass=W Scan=B → L (no legal move from Jass-player, 93 plies)  Jass +0.0  [4284s]
  game  52: Scan=W Jass=B → W (no legal move from Jass-player, 118 plies)  Jass +0.0  [4359s]
  game  53: Jass=W Scan=B → D (25-move rule, 163 plies)  Jass +0.5  [4487s]
  game  54: Scan=W Jass=B → W (no legal move from Jass-player, 100 plies)  Jass +0.0  [4546s]

=== Jass vs Scan, movetime 1.0s, 54 games ===
  Jass=0  Scan=53  Draws=1
  Jass score rate: 0.009 (0.5 / 54)
  ELO estimate:    -812 (95% CI ≈ ±109)
